mode: atomic
github.com/WhoseBiasDoYallSeek/mlx-cgo/cmd/mlxgen/main.go:43.13,72.20 17 0
github.com/WhoseBiasDoYallSeek/mlx-cgo/cmd/mlxgen/main.go:72.20,73.19 1 0
github.com/WhoseBiasDoYallSeek/mlx-cgo/cmd/mlxgen/main.go:74.17,75.23 1 0
github.com/WhoseBiasDoYallSeek/mlx-cgo/cmd/mlxgen/main.go:75.23,77.5 1 0
github.com/WhoseBiasDoYallSeek/mlx-cgo/cmd/mlxgen/main.go:77.10,79.5 1 0
github.com/WhoseBiasDoYallSeek/mlx-cgo/cmd/mlxgen/main.go:80.14,81.23 1 0
github.com/WhoseBiasDoYallSeek/mlx-cgo/cmd/mlxgen/main.go:81.23,83.5 1 0
github.com/WhoseBiasDoYallSeek/mlx-cgo/cmd/mlxgen/main.go:83.10,85.5 1 0
github.com/WhoseBiasDoYallSeek/mlx-cgo/cmd/mlxgen/main.go:86.18,87.23 1 0
github.com/WhoseBiasDoYallSeek/mlx-cgo/cmd/mlxgen/main.go:87.23,89.5 1 0
github.com/WhoseBiasDoYallSeek/mlx-cgo/cmd/mlxgen/main.go:89.10,91.5 1 0
github.com/WhoseBiasDoYallSeek/mlx-cgo/cmd/mlxgen/main.go:92.18,93.46 1 0
github.com/WhoseBiasDoYallSeek/mlx-cgo/cmd/mlxgen/main.go:93.46,96.5 2 0
github.com/WhoseBiasDoYallSeek/mlx-cgo/cmd/mlxgen/main.go:97.4,98.23 2 0
github.com/WhoseBiasDoYallSeek/mlx-cgo/cmd/mlxgen/main.go:98.23,101.5 1 0
github.com/WhoseBiasDoYallSeek/mlx-cgo/cmd/mlxgen/main.go:102.4,107.5 1 0
github.com/WhoseBiasDoYallSeek/mlx-cgo/cmd/mlxgen/main.go:108.18,109.42 1 0
github.com/WhoseBiasDoYallSeek/mlx-cgo/cmd/mlxgen/main.go:110.11,112.14 2 0
github.com/WhoseBiasDoYallSeek/mlx-cgo/cmd/mlxgen/main.go:114.3,114.9 1 0
github.com/WhoseBiasDoYallSeek/mlx-cgo/cmd/mlxgen/main.go:118.2,118.20 1 0
github.com/WhoseBiasDoYallSeek/mlx-cgo/cmd/mlxgen/main.go:118.20,120.17 2 0
github.com/WhoseBiasDoYallSeek/mlx-cgo/cmd/mlxgen/main.go:120.17,122.4 1 0
github.com/WhoseBiasDoYallSeek/mlx-cgo/cmd/mlxgen/main.go:123.3,126.9 4 0
github.com/WhoseBiasDoYallSeek/mlx-cgo/cmd/mlxgen/main.go:130.2,130.19 1 0
github.com/WhoseBiasDoYallSeek/mlx-cgo/cmd/mlxgen/main.go:130.19,134.3 3 0
github.com/WhoseBiasDoYallSeek/mlx-cgo/cmd/mlxgen/main.go:135.2,135.22 1 0
github.com/WhoseBiasDoYallSeek/mlx-cgo/cmd/mlxgen/main.go:135.22,138.3 2 0
github.com/WhoseBiasDoYallSeek/mlx-cgo/cmd/mlxgen/main.go:140.2,141.22 2 0
github.com/WhoseBiasDoYallSeek/mlx-cgo/cmd/mlxgen/main.go:141.22,144.37 3 0
github.com/WhoseBiasDoYallSeek/mlx-cgo/cmd/mlxgen/main.go:144.37,146.4 1 0
github.com/WhoseBiasDoYallSeek/mlx-cgo/cmd/mlxgen/main.go:147.3,147.46 1 0
github.com/WhoseBiasDoYallSeek/mlx-cgo/cmd/mlxgen/main.go:150.2,151.16 2 0
github.com/WhoseBiasDoYallSeek/mlx-cgo/cmd/mlxgen/main.go:151.16,153.3 1 0
github.com/WhoseBiasDoYallSeek/mlx-cgo/cmd/mlxgen/main.go:155.2,158.21 3 0
github.com/WhoseBiasDoYallSeek/mlx-cgo/cmd/mlxgen/main.go:158.21,160.3 1 0
github.com/WhoseBiasDoYallSeek/mlx-cgo/cmd/mlxgen/main.go:160.8,162.3 1 0
github.com/WhoseBiasDoYallSeek/mlx-cgo/cmd/mlxgen/main.go:167.45,168.16 1 0
github.com/WhoseBiasDoYallSeek/mlx-cgo/cmd/mlxgen/main.go:168.16,170.3 1 0
github.com/WhoseBiasDoYallSeek/mlx-cgo/cmd/mlxgen/main.go:171.2,172.45 2 0
github.com/WhoseBiasDoYallSeek/mlx-cgo/cmd/mlxgen/main.go:172.45,174.14 2 0
github.com/WhoseBiasDoYallSeek/mlx-cgo/cmd/mlxgen/main.go:174.14,176.4 1 0
github.com/WhoseBiasDoYallSeek/mlx-cgo/cmd/mlxgen/main.go:178.2,178.13 1 0
github.com/WhoseBiasDoYallSeek/mlx-cgo/internal/hooks/hooks.go:27.57,28.38 1 0
github.com/WhoseBiasDoYallSeek/mlx-cgo/internal/hooks/hooks.go:28.38,30.3 1 0
github.com/WhoseBiasDoYallSeek/mlx-cgo/internal/hooks/hooks.go:31.2,31.31 1 0
github.com/WhoseBiasDoYallSeek/mlx-cgo/internal/hooks/hooks.go:37.65,38.46 1 0
github.com/WhoseBiasDoYallSeek/mlx-cgo/internal/hooks/hooks.go:38.46,40.3 1 0
github.com/WhoseBiasDoYallSeek/mlx-cgo/internal/hooks/hooks.go:41.2,41.11 1 0
github.com/WhoseBiasDoYallSeek/mlx-cgo/internal/hooks/hooks.go:332.74,333.31 1 0
github.com/WhoseBiasDoYallSeek/mlx-cgo/internal/hooks/hooks.go:333.31,335.3 1 0
github.com/WhoseBiasDoYallSeek/mlx-cgo/internal/hooks/hooks.go:336.2,337.10 2 0
github.com/WhoseBiasDoYallSeek/mlx-cgo/internal/hooks/hooks.go:337.10,342.3 4 0
github.com/WhoseBiasDoYallSeek/mlx-cgo/internal/hooks/hooks.go:342.8,347.3 4 0
github.com/WhoseBiasDoYallSeek/mlx-cgo/internal/hooks/hooks.go:348.2,348.20 1 0
github.com/WhoseBiasDoYallSeek/mlx-cgo/internal/hooks/hooks.go:351.43,353.10 2 0
github.com/WhoseBiasDoYallSeek/mlx-cgo/internal/hooks/hooks.go:353.10,397.3 1 0
github.com/WhoseBiasDoYallSeek/mlx-cgo/internal/hooks/hooks.go:397.8,408.3 1 0
github.com/WhoseBiasDoYallSeek/mlx-cgo/internal/hooks/hooks.go:409.2,412.3 1 0
github.com/WhoseBiasDoYallSeek/mlx-cgo/internal/hooks/hooks.go:415.44,417.10 2 0
github.com/WhoseBiasDoYallSeek/mlx-cgo/internal/hooks/hooks.go:417.10,461.3 1 0
github.com/WhoseBiasDoYallSeek/mlx-cgo/internal/hooks/hooks.go:461.8,472.3 1 0
github.com/WhoseBiasDoYallSeek/mlx-cgo/internal/hooks/hooks.go:473.2,476.3 1 0
github.com/WhoseBiasDoYallSeek/mlx-cgo/internal/hooks/hooks.go:481.37,483.10 2 0
github.com/WhoseBiasDoYallSeek/mlx-cgo/internal/hooks/hooks.go:483.10,494.3 1 0
github.com/WhoseBiasDoYallSeek/mlx-cgo/internal/hooks/hooks.go:494.8,496.3 1 0
github.com/WhoseBiasDoYallSeek/mlx-cgo/internal/hooks/hooks.go:497.2,497.42 1 0
github.com/WhoseBiasDoYallSeek/mlx-cgo/internal/hooks/hooks.go:500.37,502.10 2 0
github.com/WhoseBiasDoYallSeek/mlx-cgo/internal/hooks/hooks.go:502.10,513.3 1 0
github.com/WhoseBiasDoYallSeek/mlx-cgo/internal/hooks/hooks.go:513.8,515.3 1 0
github.com/WhoseBiasDoYallSeek/mlx-cgo/internal/hooks/hooks.go:516.2,516.42 1 0
github.com/WhoseBiasDoYallSeek/mlx-cgo/internal/hooks/hooks.go:521.40,523.10 2 0
github.com/WhoseBiasDoYallSeek/mlx-cgo/internal/hooks/hooks.go:523.10,565.3 1 0
github.com/WhoseBiasDoYallSeek/mlx-cgo/internal/hooks/hooks.go:565.8,581.3 1 0
github.com/WhoseBiasDoYallSeek/mlx-cgo/internal/hooks/hooks.go:582.2,582.42 1 0
github.com/WhoseBiasDoYallSeek/mlx-cgo/internal/hooks/hooks.go:587.43,589.10 2 0
github.com/WhoseBiasDoYallSeek/mlx-cgo/internal/hooks/hooks.go:589.10,610.3 1 0
github.com/WhoseBiasDoYallSeek/mlx-cgo/internal/hooks/hooks.go:610.8,618.3 1 0
github.com/WhoseBiasDoYallSeek/mlx-cgo/internal/hooks/hooks.go:619.2,619.42 1 0
github.com/WhoseBiasDoYallSeek/mlx-cgo/internal/hooks/hooks.go:624.38,626.10 2 0
github.com/WhoseBiasDoYallSeek/mlx-cgo/internal/hooks/hooks.go:626.10,643.3 1 0
github.com/WhoseBiasDoYallSeek/mlx-cgo/internal/hooks/hooks.go:643.8,649.3 1 0
github.com/WhoseBiasDoYallSeek/mlx-cgo/internal/hooks/hooks.go:650.2,650.42 1 0
github.com/WhoseBiasDoYallSeek/mlx-cgo/internal/hooks/hooks.go:655.41,656.10 1 0
github.com/WhoseBiasDoYallSeek/mlx-cgo/internal/hooks/hooks.go:656.10,845.3 1 0
github.com/WhoseBiasDoYallSeek/mlx-cgo/internal/hooks/hooks.go:847.2,889.2 1 0
github.com/WhoseBiasDoYallSeek/mlx-cgo/internal/cheader/parse.go:47.38,54.21 5 0
github.com/WhoseBiasDoYallSeek/mlx-cgo/internal/cheader/parse.go:54.21,62.81 3 0
github.com/WhoseBiasDoYallSeek/mlx-cgo/internal/cheader/parse.go:62.81,63.12 1 0
github.com/WhoseBiasDoYallSeek/mlx-cgo/internal/cheader/parse.go:67.3,67.56 1 0
github.com/WhoseBiasDoYallSeek/mlx-cgo/internal/cheader/parse.go:67.56,72.39 4 0
github.com/WhoseBiasDoYallSeek/mlx-cgo/internal/cheader/parse.go:72.39,73.47 1 0
github.com/WhoseBiasDoYallSeek/mlx-cgo/internal/cheader/parse.go:73.47,75.6 1 0
github.com/WhoseBiasDoYallSeek/mlx-cgo/internal/cheader/parse.go:76.5,76.19 1 0
github.com/WhoseBiasDoYallSeek/mlx-cgo/internal/cheader/parse.go:78.4,78.12 1 0
github.com/WhoseBiasDoYallSeek/mlx-cgo/internal/cheader/parse.go:81.3,81.13 1 0
github.com/WhoseBiasDoYallSeek/mlx-cgo/internal/cheader/parse.go:81.13,84.39 3 0
github.com/WhoseBiasDoYallSeek/mlx-cgo/internal/cheader/parse.go:84.39,85.47 1 0
github.com/WhoseBiasDoYallSeek/mlx-cgo/internal/cheader/parse.go:85.47,87.6 1 0
github.com/WhoseBiasDoYallSeek/mlx-cgo/internal/cheader/parse.go:88.5,88.19 1 0
github.com/WhoseBiasDoYallSeek/mlx-cgo/internal/cheader/parse.go:92.2,92.14 1 0
github.com/WhoseBiasDoYallSeek/mlx-cgo/internal/cheader/parse.go:97.40,102.15 4 0
github.com/WhoseBiasDoYallSeek/mlx-cgo/internal/cheader/parse.go:102.15,104.3 1 0
github.com/WhoseBiasDoYallSeek/mlx-cgo/internal/cheader/parse.go:105.2,108.52 3 0
github.com/WhoseBiasDoYallSeek/mlx-cgo/internal/cheader/parse.go:108.52,110.3 1 0
github.com/WhoseBiasDoYallSeek/mlx-cgo/internal/cheader/parse.go:112.2,113.41 2 0
github.com/WhoseBiasDoYallSeek/mlx-cgo/internal/cheader/parse.go:113.41,115.16 2 0
github.com/WhoseBiasDoYallSeek/mlx-cgo/internal/cheader/parse.go:115.16,116.12 1 0
github.com/WhoseBiasDoYallSeek/mlx-cgo/internal/cheader/parse.go:118.3,119.29 2 0
github.com/WhoseBiasDoYallSeek/mlx-cgo/internal/cheader/parse.go:123.2,123.24 1 0
github.com/WhoseBiasDoYallSeek/mlx-cgo/internal/cheader/parse.go:123.24,124.74 1 0
github.com/WhoseBiasDoYallSeek/mlx-cgo/internal/cheader/parse.go:124.74,126.9 2 0
github.com/WhoseBiasDoYallSeek/mlx-cgo/internal/cheader/parse.go:131.2,133.48 2 0
github.com/WhoseBiasDoYallSeek/mlx-cgo/internal/cheader/parse.go:137.31,139.2 1 0
github.com/WhoseBiasDoYallSeek/mlx-cgo/internal/cheader/parse.go:142.34,144.18 1 0
github.com/WhoseBiasDoYallSeek/mlx-cgo/internal/cheader/parse.go:144.18,146.3 1 0
github.com/WhoseBiasDoYallSeek/mlx-cgo/internal/cheader/parse.go:148.2,149.21 2 0
github.com/WhoseBiasDoYallSeek/mlx-cgo/internal/cheader/parse.go:149.21,151.3 1 0
github.com/WhoseBiasDoYallSeek/mlx-cgo/internal/cheader/parse.go:153.2,155.75 2 0
github.com/WhoseBiasDoYallSeek/mlx-cgo/internal/cheader/parse.go:155.75,157.3 1 0
github.com/WhoseBiasDoYallSeek/mlx-cgo/internal/cheader/parse.go:159.2,163.34 3 0
github.com/WhoseBiasDoYallSeek/mlx-cgo/internal/cheader/parse.go:163.34,166.3 2 0
github.com/WhoseBiasDoYallSeek/mlx-cgo/internal/cheader/parse.go:168.2,168.43 1 0
github.com/WhoseBiasDoYallSeek/mlx-cgo/internal/cheader/parse.go:173.39,180.37 2 0
github.com/WhoseBiasDoYallSeek/mlx-cgo/internal/cheader/parse.go:180.37,183.10 3 0
github.com/WhoseBiasDoYallSeek/mlx-cgo/internal/cheader/parse.go:183.10,184.12 1 0
github.com/WhoseBiasDoYallSeek/mlx-cgo/internal/cheader/parse.go:187.3,189.61 3 0
github.com/WhoseBiasDoYallSeek/mlx-cgo/internal/cheader/parse.go:189.61,193.4 3 0
github.com/WhoseBiasDoYallSeek/mlx-cgo/internal/cheader/parse.go:198.37,202.23 4 0
github.com/WhoseBiasDoYallSeek/mlx-cgo/internal/cheader/parse.go:202.23,203.13 1 0
github.com/WhoseBiasDoYallSeek/mlx-cgo/internal/cheader/parse.go:204.17,205.11 1 0
github.com/WhoseBiasDoYallSeek/mlx-cgo/internal/cheader/parse.go:206.17,207.11 1 0
github.com/WhoseBiasDoYallSeek/mlx-cgo/internal/cheader/parse.go:208.12,209.18 1 0
github.com/WhoseBiasDoYallSeek/mlx-cgo/internal/cheader/parse.go:209.18,212.5 2 0
github.com/WhoseBiasDoYallSeek/mlx-cgo/internal/cheader/parse.go:215.2,216.15 2 0
github.com/WhoseBiasDoYallSeek/mlx-cgo/internal/types/ctypes.go:55.65,60.37 1 14
github.com/WhoseBiasDoYallSeek/mlx-cgo/internal/types/ctypes.go:60.37,60.74 1 4
github.com/WhoseBiasDoYallSeek/mlx-cgo/internal/types/ctypes.go:61.37,61.74 1 4
github.com/WhoseBiasDoYallSeek/mlx-cgo/internal/types/ctypes.go:62.37,62.74 1 6
github.com/WhoseBiasDoYallSeek/mlx-cgo/internal/types/ctypes.go:63.37,63.64 1 4
github.com/WhoseBiasDoYallSeek/mlx-cgo/internal/types/ctypes.go:64.46,66.4 1 2
github.com/WhoseBiasDoYallSeek/mlx-cgo/internal/types/ctypes.go:67.31,67.81 1 0
github.com/WhoseBiasDoYallSeek/mlx-cgo/internal/types/ctypes.go:73.58,78.35 1 7
github.com/WhoseBiasDoYallSeek/mlx-cgo/internal/types/ctypes.go:78.35,78.48 1 2
github.com/WhoseBiasDoYallSeek/mlx-cgo/internal/types/ctypes.go:79.37,79.49 1 8
github.com/WhoseBiasDoYallSeek/mlx-cgo/internal/types/ctypes.go:80.37,80.62 1 6
github.com/WhoseBiasDoYallSeek/mlx-cgo/internal/types/ctypes.go:81.37,81.63 1 4
github.com/WhoseBiasDoYallSeek/mlx-cgo/internal/types/ctypes.go:82.46,84.4 1 4
github.com/WhoseBiasDoYallSeek/mlx-cgo/internal/types/ctypes.go:85.31,85.56 1 0
github.com/WhoseBiasDoYallSeek/mlx-cgo/internal/types/ctypes.go:91.45,95.32 2 5
github.com/WhoseBiasDoYallSeek/mlx-cgo/internal/types/ctypes.go:95.32,95.45 1 0
github.com/WhoseBiasDoYallSeek/mlx-cgo/internal/types/ctypes.go:96.33,98.4 1 2
github.com/WhoseBiasDoYallSeek/mlx-cgo/internal/types/ctypes.go:99.31,101.4 1 2
github.com/WhoseBiasDoYallSeek/mlx-cgo/internal/types/ctypes.go:102.31,104.4 1 0
github.com/WhoseBiasDoYallSeek/mlx-cgo/internal/types/ctypes.go:105.46,107.4 1 4
github.com/WhoseBiasDoYallSeek/mlx-cgo/internal/types/ctypes.go:114.70,118.35 4 2
github.com/WhoseBiasDoYallSeek/mlx-cgo/internal/types/ctypes.go:118.35,120.3 1 2
github.com/WhoseBiasDoYallSeek/mlx-cgo/internal/types/ctypes.go:121.2,121.33 1 2
github.com/WhoseBiasDoYallSeek/mlx-cgo/internal/types/ctypes.go:121.33,123.3 1 2
github.com/WhoseBiasDoYallSeek/mlx-cgo/internal/types/ctypes.go:124.2,124.10 1 2
github.com/WhoseBiasDoYallSeek/mlx-cgo/internal/types/ctypes.go:128.53,132.32 2 1
github.com/WhoseBiasDoYallSeek/mlx-cgo/internal/types/ctypes.go:132.32,132.45 1 0
github.com/WhoseBiasDoYallSeek/mlx-cgo/internal/types/ctypes.go:133.33,136.4 1 0
github.com/WhoseBiasDoYallSeek/mlx-cgo/internal/types/ctypes.go:137.46,142.4 1 0
github.com/WhoseBiasDoYallSeek/mlx-cgo/internal/types/ctypes.go:143.31,145.4 1 0
github.com/WhoseBiasDoYallSeek/mlx-cgo/internal/types/ctypes.go:146.31,148.4 1 0
github.com/WhoseBiasDoYallSeek/mlx-cgo/internal/types/ctypes.go:154.51,158.31 2 4
github.com/WhoseBiasDoYallSeek/mlx-cgo/internal/types/ctypes.go:158.31,160.4 1 0
github.com/WhoseBiasDoYallSeek/mlx-cgo/internal/types/ctypes.go:161.37,162.15 1 0
github.com/WhoseBiasDoYallSeek/mlx-cgo/internal/types/ctypes.go:162.15,164.5 1 0
github.com/WhoseBiasDoYallSeek/mlx-cgo/internal/types/ctypes.go:165.4,165.56 1 0
github.com/WhoseBiasDoYallSeek/mlx-cgo/internal/types/ctypes.go:167.33,169.4 1 0
github.com/WhoseBiasDoYallSeek/mlx-cgo/internal/types/ctypes.go:170.31,172.4 1 0
github.com/WhoseBiasDoYallSeek/mlx-cgo/internal/types/ctypes.go:173.46,177.4 1 0
github.com/WhoseBiasDoYallSeek/mlx-cgo/internal/types/ctypes.go:182.63,186.31 2 1
github.com/WhoseBiasDoYallSeek/mlx-cgo/internal/types/ctypes.go:186.31,188.4 1 0
github.com/WhoseBiasDoYallSeek/mlx-cgo/internal/types/ctypes.go:189.37,190.15 1 0
github.com/WhoseBiasDoYallSeek/mlx-cgo/internal/types/ctypes.go:190.15,192.5 1 0
github.com/WhoseBiasDoYallSeek/mlx-cgo/internal/types/ctypes.go:193.4,193.81 1 0
github.com/WhoseBiasDoYallSeek/mlx-cgo/internal/types/ctypes.go:195.31,197.4 1 0
github.com/WhoseBiasDoYallSeek/mlx-cgo/internal/types/ctypes.go:198.46,203.4 1 0
github.com/WhoseBiasDoYallSeek/mlx-cgo/internal/types/ctypes.go:208.49,214.31 1 5
github.com/WhoseBiasDoYallSeek/mlx-cgo/internal/types/ctypes.go:214.31,216.4 1 0
github.com/WhoseBiasDoYallSeek/mlx-cgo/internal/types/ctypes.go:217.33,219.4 1 0
github.com/WhoseBiasDoYallSeek/mlx-cgo/internal/types/ctypes.go:220.46,222.4 1 0
github.com/WhoseBiasDoYallSeek/mlx-cgo/internal/types/ctypes.go:226.2,226.28 1 5
github.com/WhoseBiasDoYallSeek/mlx-cgo/internal/types/ctypes.go:226.28,228.3 1 5
github.com/WhoseBiasDoYallSeek/mlx-cgo/internal/types/ctypes.go:229.2,229.12 1 5
github.com/WhoseBiasDoYallSeek/mlx-cgo/internal/types/ctypes.go:233.52,239.36 5 3
github.com/WhoseBiasDoYallSeek/mlx-cgo/internal/types/ctypes.go:239.36,241.3 1 1
github.com/WhoseBiasDoYallSeek/mlx-cgo/internal/types/ctypes.go:242.2,246.33 1 3
github.com/WhoseBiasDoYallSeek/mlx-cgo/internal/types/ctypes.go:246.33,246.46 1 0
github.com/WhoseBiasDoYallSeek/mlx-cgo/internal/types/ctypes.go:247.35,247.64 1 0
github.com/WhoseBiasDoYallSeek/mlx-cgo/internal/types/ctypes.go:248.33,251.4 1 0
github.com/WhoseBiasDoYallSeek/mlx-cgo/internal/types/ctypes.go:255.38,256.35 1 3
github.com/WhoseBiasDoYallSeek/mlx-cgo/internal/types/ctypes.go:256.35,258.3 1 1
github.com/WhoseBiasDoYallSeek/mlx-cgo/internal/types/ctypes.go:259.2,259.10 1 2
github.com/WhoseBiasDoYallSeek/mlx-cgo/internal/types/ctypes.go:265.13,278.37 2 1
github.com/WhoseBiasDoYallSeek/mlx-cgo/internal/types/ctypes.go:278.37,278.76 1 0
github.com/WhoseBiasDoYallSeek/mlx-cgo/internal/types/ctypes.go:279.37,279.76 1 0
github.com/WhoseBiasDoYallSeek/mlx-cgo/internal/types/ctypes.go:280.37,280.71 1 0
github.com/WhoseBiasDoYallSeek/mlx-cgo/internal/types/ctypes.go:281.37,281.66 1 0
github.com/WhoseBiasDoYallSeek/mlx-cgo/internal/types/ctypes.go:282.46,284.4 1 0
github.com/WhoseBiasDoYallSeek/mlx-cgo/internal/types/ctypes.go:285.31,285.78 1 0
github.com/WhoseBiasDoYallSeek/mlx-cgo/internal/types/ctypes.go:289.2,372.39 22 1
github.com/WhoseBiasDoYallSeek/mlx-cgo/internal/types/ctypes.go:372.39,372.52 1 0
github.com/WhoseBiasDoYallSeek/mlx-cgo/internal/types/ctypes.go:373.46,373.60 1 2
github.com/WhoseBiasDoYallSeek/mlx-cgo/internal/types/ctypes.go:377.2,381.35 1 1
github.com/WhoseBiasDoYallSeek/mlx-cgo/internal/types/ctypes.go:381.35,381.48 1 2
github.com/WhoseBiasDoYallSeek/mlx-cgo/internal/types/ctypes.go:382.37,382.77 1 2
github.com/WhoseBiasDoYallSeek/mlx-cgo/internal/types/ctypes.go:383.37,383.64 1 4
github.com/WhoseBiasDoYallSeek/mlx-cgo/internal/types/ctypes.go:384.37,384.65 1 2
github.com/WhoseBiasDoYallSeek/mlx-cgo/internal/types/ctypes.go:385.37,385.64 1 0
github.com/WhoseBiasDoYallSeek/mlx-cgo/internal/types/ctypes.go:386.46,388.4 1 2
github.com/WhoseBiasDoYallSeek/mlx-cgo/internal/types/ctypes.go:392.2,395.35 1 1
github.com/WhoseBiasDoYallSeek/mlx-cgo/internal/types/ctypes.go:395.35,395.48 1 0
github.com/WhoseBiasDoYallSeek/mlx-cgo/internal/types/ctypes.go:396.37,396.84 1 0
github.com/WhoseBiasDoYallSeek/mlx-cgo/internal/types/ctypes.go:397.37,397.71 1 0
github.com/WhoseBiasDoYallSeek/mlx-cgo/internal/types/ctypes.go:398.37,398.72 1 0
github.com/WhoseBiasDoYallSeek/mlx-cgo/internal/types/ctypes.go:399.37,399.71 1 0
github.com/WhoseBiasDoYallSeek/mlx-cgo/internal/types/ctypes.go:400.46,402.4 1 0
github.com/WhoseBiasDoYallSeek/mlx-cgo/internal/types/ctypes.go:406.2,410.35 1 1
github.com/WhoseBiasDoYallSeek/mlx-cgo/internal/types/ctypes.go:410.35,410.48 1 0
github.com/WhoseBiasDoYallSeek/mlx-cgo/internal/types/ctypes.go:411.37,411.80 1 0
github.com/WhoseBiasDoYallSeek/mlx-cgo/internal/types/ctypes.go:412.37,412.67 1 0
github.com/WhoseBiasDoYallSeek/mlx-cgo/internal/types/ctypes.go:413.37,413.68 1 0
github.com/WhoseBiasDoYallSeek/mlx-cgo/internal/types/ctypes.go:414.37,414.67 1 0
github.com/WhoseBiasDoYallSeek/mlx-cgo/internal/types/ctypes.go:415.46,417.4 1 0
github.com/WhoseBiasDoYallSeek/mlx-cgo/internal/types/ctypes.go:421.2,424.37 1 1
github.com/WhoseBiasDoYallSeek/mlx-cgo/internal/types/ctypes.go:424.37,424.72 1 2
github.com/WhoseBiasDoYallSeek/mlx-cgo/internal/types/ctypes.go:425.37,425.66 1 2
github.com/WhoseBiasDoYallSeek/mlx-cgo/internal/types/ctypes.go:426.37,426.61 1 0
github.com/WhoseBiasDoYallSeek/mlx-cgo/internal/types/ctypes.go:427.46,429.4 1 2
github.com/WhoseBiasDoYallSeek/mlx-cgo/internal/types/ctypes.go:433.2,435.34 1 1
github.com/WhoseBiasDoYallSeek/mlx-cgo/internal/types/ctypes.go:435.34,435.76 1 0
github.com/WhoseBiasDoYallSeek/mlx-cgo/internal/types/ctypes.go:436.34,436.65 1 0
github.com/WhoseBiasDoYallSeek/mlx-cgo/internal/types/ctypes.go:438.2,440.34 1 1
github.com/WhoseBiasDoYallSeek/mlx-cgo/internal/types/ctypes.go:440.34,440.76 1 0
github.com/WhoseBiasDoYallSeek/mlx-cgo/internal/types/ctypes.go:441.34,441.65 1 0
github.com/WhoseBiasDoYallSeek/mlx-cgo/internal/types/ctypes.go:445.2,447.33 1 1
github.com/WhoseBiasDoYallSeek/mlx-cgo/internal/types/ctypes.go:447.33,449.4 1 0
github.com/WhoseBiasDoYallSeek/mlx-cgo/internal/types/ctypes.go:450.31,450.54 1 0
github.com/WhoseBiasDoYallSeek/mlx-cgo/internal/types/ctypes.go:454.2,454.101 1 1
github.com/WhoseBiasDoYallSeek/mlx-cgo/internal/types/ctypes.go:454.101,456.3 1 7
github.com/WhoseBiasDoYallSeek/mlx-cgo/internal/types/ctypes.go:458.2,464.33 2 1
github.com/WhoseBiasDoYallSeek/mlx-cgo/internal/types/ctypes.go:464.33,466.4 1 0
github.com/WhoseBiasDoYallSeek/mlx-cgo/internal/types/ctypes.go:467.37,467.82 1 0
github.com/WhoseBiasDoYallSeek/mlx-cgo/internal/types/ctypes.go:468.37,468.84 1 0
github.com/WhoseBiasDoYallSeek/mlx-cgo/internal/types/ctypes.go:469.46,471.4 1 0
github.com/WhoseBiasDoYallSeek/mlx-cgo/internal/types/ctypes.go:475.2,478.33 1 1
github.com/WhoseBiasDoYallSeek/mlx-cgo/internal/types/ctypes.go:478.33,480.4 1 0
github.com/WhoseBiasDoYallSeek/mlx-cgo/internal/types/ctypes.go:481.31,483.4 1 0
github.com/WhoseBiasDoYallSeek/mlx-cgo/internal/types/ctypes.go:484.37,486.4 1 0
github.com/WhoseBiasDoYallSeek/mlx-cgo/internal/types/ctypes.go:487.46,489.4 1 0
github.com/WhoseBiasDoYallSeek/mlx-cgo/internal/types/ctypes.go:493.2,500.67 5 1
github.com/WhoseBiasDoYallSeek/mlx-cgo/internal/types/ctypes.go:500.67,502.9 2 3
github.com/WhoseBiasDoYallSeek/mlx-cgo/internal/types/ctypes.go:502.9,504.4 1 3
github.com/WhoseBiasDoYallSeek/mlx-cgo/internal/types/ctypes.go:508.2,512.4 1 1
github.com/WhoseBiasDoYallSeek/mlx-cgo/internal/types/ctypes.go:512.4,514.9 2 3
github.com/WhoseBiasDoYallSeek/mlx-cgo/internal/types/ctypes.go:514.9,516.4 1 3
github.com/WhoseBiasDoYallSeek/mlx-cgo/internal/types/ctypes.go:521.49,522.29 1 110
github.com/WhoseBiasDoYallSeek/mlx-cgo/internal/types/ctypes.go:522.29,523.27 1 2425
github.com/WhoseBiasDoYallSeek/mlx-cgo/internal/types/ctypes.go:523.27,525.4 1 90
github.com/WhoseBiasDoYallSeek/mlx-cgo/internal/types/ctypes.go:526.3,526.34 1 2335
github.com/WhoseBiasDoYallSeek/mlx-cgo/internal/types/ctypes.go:526.34,527.22 1 1648
github.com/WhoseBiasDoYallSeek/mlx-cgo/internal/types/ctypes.go:527.22,529.5 1 16
github.com/WhoseBiasDoYallSeek/mlx-cgo/internal/types/ctypes.go:532.2,532.26 1 4
github.com/WhoseBiasDoYallSeek/mlx-cgo/internal/types/ctypes.go:536.45,537.29 1 12
github.com/WhoseBiasDoYallSeek/mlx-cgo/internal/types/ctypes.go:537.29,538.23 1 260
github.com/WhoseBiasDoYallSeek/mlx-cgo/internal/types/ctypes.go:538.23,540.4 1 10
github.com/WhoseBiasDoYallSeek/mlx-cgo/internal/types/ctypes.go:542.2,542.26 1 2
github.com/WhoseBiasDoYallSeek/mlx-cgo/internal/types/gotypes.go:28.46,32.50 2 1
github.com/WhoseBiasDoYallSeek/mlx-cgo/internal/types/gotypes.go:32.50,36.32 1 17
github.com/WhoseBiasDoYallSeek/mlx-cgo/internal/types/gotypes.go:36.32,38.5 1 0
github.com/WhoseBiasDoYallSeek/mlx-cgo/internal/types/gotypes.go:39.33,41.5 1 0
github.com/WhoseBiasDoYallSeek/mlx-cgo/internal/types/gotypes.go:42.37,44.5 1 0
github.com/WhoseBiasDoYallSeek/mlx-cgo/internal/types/gotypes.go:45.36,47.5 1 0
github.com/WhoseBiasDoYallSeek/mlx-cgo/internal/types/gotypes.go:52.2,71.28 2 1
github.com/WhoseBiasDoYallSeek/mlx-cgo/internal/types/gotypes.go:71.28,73.3 1 17
github.com/WhoseBiasDoYallSeek/mlx-cgo/internal/types/gotypes.go:76.2,76.57 1 1
github.com/WhoseBiasDoYallSeek/mlx-cgo/internal/types/gotypes.go:76.57,80.32 1 11
github.com/WhoseBiasDoYallSeek/mlx-cgo/internal/types/gotypes.go:80.32,82.5 1 0
github.com/WhoseBiasDoYallSeek/mlx-cgo/internal/types/gotypes.go:83.33,85.5 1 0
github.com/WhoseBiasDoYallSeek/mlx-cgo/internal/types/gotypes.go:86.37,88.5 1 0
github.com/WhoseBiasDoYallSeek/mlx-cgo/internal/types/gotypes.go:89.34,89.47 1 0
github.com/WhoseBiasDoYallSeek/mlx-cgo/internal/types/gotypes.go:93.2,109.31 12 1
github.com/WhoseBiasDoYallSeek/mlx-cgo/internal/types/gotypes.go:109.31,111.4 1 0
github.com/WhoseBiasDoYallSeek/mlx-cgo/internal/types/gotypes.go:112.32,114.4 1 0
github.com/WhoseBiasDoYallSeek/mlx-cgo/internal/types/gotypes.go:115.36,117.4 1 0
github.com/WhoseBiasDoYallSeek/mlx-cgo/internal/types/gotypes.go:118.35,120.4 1 0
github.com/WhoseBiasDoYallSeek/mlx-cgo/internal/types/gotypes.go:124.2,124.59 1 1
github.com/WhoseBiasDoYallSeek/mlx-cgo/internal/types/gotypes.go:124.59,128.32 1 4
github.com/WhoseBiasDoYallSeek/mlx-cgo/internal/types/gotypes.go:128.32,131.5 1 0
github.com/WhoseBiasDoYallSeek/mlx-cgo/internal/types/gotypes.go:132.33,134.5 1 0
github.com/WhoseBiasDoYallSeek/mlx-cgo/internal/types/gotypes.go:135.37,137.5 1 0
github.com/WhoseBiasDoYallSeek/mlx-cgo/internal/types/gotypes.go:138.34,138.47 1 0
github.com/WhoseBiasDoYallSeek/mlx-cgo/internal/types/gotypes.go:141.2,146.10 5 1
github.com/WhoseBiasDoYallSeek/mlx-cgo/internal/types/gotypes.go:150.50,153.2 2 0
github.com/WhoseBiasDoYallSeek/mlx-cgo/internal/codegen/cgo/cgo.go:39.66,43.15 3 0
github.com/WhoseBiasDoYallSeek/mlx-cgo/internal/codegen/cgo/cgo.go:43.15,45.3 1 0
github.com/WhoseBiasDoYallSeek/mlx-cgo/internal/codegen/cgo/cgo.go:50.2,51.28 2 0
github.com/WhoseBiasDoYallSeek/mlx-cgo/internal/codegen/cgo/cgo.go:51.28,52.31 1 0
github.com/WhoseBiasDoYallSeek/mlx-cgo/internal/codegen/cgo/cgo.go:52.31,53.21 1 0
github.com/WhoseBiasDoYallSeek/mlx-cgo/internal/codegen/cgo/cgo.go:53.21,55.5 1 0
github.com/WhoseBiasDoYallSeek/mlx-cgo/internal/codegen/cgo/cgo.go:56.4,57.39 2 0
github.com/WhoseBiasDoYallSeek/mlx-cgo/internal/codegen/cgo/cgo.go:57.39,59.5 1 0
github.com/WhoseBiasDoYallSeek/mlx-cgo/internal/codegen/cgo/cgo.go:63.2,75.17 10 0
github.com/WhoseBiasDoYallSeek/mlx-cgo/internal/codegen/cgo/cgo.go:75.17,77.3 1 0
github.com/WhoseBiasDoYallSeek/mlx-cgo/internal/codegen/cgo/cgo.go:78.2,78.35 1 0
github.com/WhoseBiasDoYallSeek/mlx-cgo/internal/codegen/cgo/cgo.go:78.35,80.3 1 0
github.com/WhoseBiasDoYallSeek/mlx-cgo/internal/codegen/cgo/cgo.go:81.2,87.28 5 0
github.com/WhoseBiasDoYallSeek/mlx-cgo/internal/codegen/cgo/cgo.go:87.28,90.3 2 0
github.com/WhoseBiasDoYallSeek/mlx-cgo/internal/codegen/cgo/cgo.go:92.2,92.19 1 0
github.com/WhoseBiasDoYallSeek/mlx-cgo/internal/codegen/cgo/cgo.go:96.57,98.18 2 0
github.com/WhoseBiasDoYallSeek/mlx-cgo/internal/codegen/cgo/cgo.go:98.18,100.3 1 0
github.com/WhoseBiasDoYallSeek/mlx-cgo/internal/codegen/cgo/cgo.go:102.2,103.30 2 0
github.com/WhoseBiasDoYallSeek/mlx-cgo/internal/codegen/cgo/cgo.go:103.30,104.17 1 0
github.com/WhoseBiasDoYallSeek/mlx-cgo/internal/codegen/cgo/cgo.go:104.17,106.4 1 0
github.com/WhoseBiasDoYallSeek/mlx-cgo/internal/codegen/cgo/cgo.go:106.9,106.28 1 0
github.com/WhoseBiasDoYallSeek/mlx-cgo/internal/codegen/cgo/cgo.go:106.28,108.4 1 0
github.com/WhoseBiasDoYallSeek/mlx-cgo/internal/codegen/cgo/cgo.go:112.2,113.29 2 0
github.com/WhoseBiasDoYallSeek/mlx-cgo/internal/codegen/cgo/cgo.go:113.29,115.20 2 0
github.com/WhoseBiasDoYallSeek/mlx-cgo/internal/codegen/cgo/cgo.go:115.20,117.4 1 0
github.com/WhoseBiasDoYallSeek/mlx-cgo/internal/codegen/cgo/cgo.go:117.9,119.4 1 0
github.com/WhoseBiasDoYallSeek/mlx-cgo/internal/codegen/cgo/cgo.go:120.3,121.17 2 0
github.com/WhoseBiasDoYallSeek/mlx-cgo/internal/codegen/cgo/cgo.go:121.17,123.4 1 0
github.com/WhoseBiasDoYallSeek/mlx-cgo/internal/codegen/cgo/cgo.go:124.3,124.37 1 0
github.com/WhoseBiasDoYallSeek/mlx-cgo/internal/codegen/cgo/cgo.go:128.2,129.30 2 0
github.com/WhoseBiasDoYallSeek/mlx-cgo/internal/codegen/cgo/cgo.go:129.30,131.3 1 0
github.com/WhoseBiasDoYallSeek/mlx-cgo/internal/codegen/cgo/cgo.go:132.2,143.30 4 0
github.com/WhoseBiasDoYallSeek/mlx-cgo/internal/codegen/cgo/cgo.go:143.30,145.3 1 0
github.com/WhoseBiasDoYallSeek/mlx-cgo/internal/codegen/cgo/cgo.go:150.2,150.29 1 0
github.com/WhoseBiasDoYallSeek/mlx-cgo/internal/codegen/cgo/cgo.go:150.29,152.20 2 0
github.com/WhoseBiasDoYallSeek/mlx-cgo/internal/codegen/cgo/cgo.go:152.20,158.12 6 0
github.com/WhoseBiasDoYallSeek/mlx-cgo/internal/codegen/cgo/cgo.go:160.3,162.12 3 0
github.com/WhoseBiasDoYallSeek/mlx-cgo/internal/codegen/cgo/cgo.go:163.16,165.70 2 0
github.com/WhoseBiasDoYallSeek/mlx-cgo/internal/codegen/cgo/cgo.go:166.45,171.27 5 0
github.com/WhoseBiasDoYallSeek/mlx-cgo/internal/codegen/cgo/cgo.go:176.2,177.27 2 0
github.com/WhoseBiasDoYallSeek/mlx-cgo/internal/codegen/cgo/cgo.go:177.27,179.3 1 0
github.com/WhoseBiasDoYallSeek/mlx-cgo/internal/codegen/cgo/cgo.go:180.2,180.29 1 0
github.com/WhoseBiasDoYallSeek/mlx-cgo/internal/codegen/cgo/cgo.go:180.29,182.20 2 0
github.com/WhoseBiasDoYallSeek/mlx-cgo/internal/codegen/cgo/cgo.go:182.20,187.4 1 0
github.com/WhoseBiasDoYallSeek/mlx-cgo/internal/codegen/cgo/cgo.go:187.9,189.4 1 0
github.com/WhoseBiasDoYallSeek/mlx-cgo/internal/codegen/cgo/cgo.go:192.2,197.30 4 0
github.com/WhoseBiasDoYallSeek/mlx-cgo/internal/codegen/cgo/cgo.go:197.30,199.3 1 0
github.com/WhoseBiasDoYallSeek/mlx-cgo/internal/codegen/cgo/cgo.go:200.2,206.30 5 0
github.com/WhoseBiasDoYallSeek/mlx-cgo/internal/codegen/cgo/cgo.go:206.30,208.3 1 0
github.com/WhoseBiasDoYallSeek/mlx-cgo/internal/codegen/cgo/cgo.go:209.2,212.22 3 0
github.com/WhoseBiasDoYallSeek/mlx-cgo/internal/codegen/cgo/cgo.go:216.40,217.15 1 0
github.com/WhoseBiasDoYallSeek/mlx-cgo/internal/codegen/cgo/cgo.go:218.13,219.17 1 0
github.com/WhoseBiasDoYallSeek/mlx-cgo/internal/codegen/cgo/cgo.go:220.15,221.19 1 0
github.com/WhoseBiasDoYallSeek/mlx-cgo/internal/codegen/cgo/cgo.go:222.16,223.19 1 0
github.com/WhoseBiasDoYallSeek/mlx-cgo/internal/codegen/cgo/cgo.go:224.14,225.16 1 0
github.com/WhoseBiasDoYallSeek/mlx-cgo/internal/codegen/cgo/cgo.go:227.2,227.14 1 0
github.com/WhoseBiasDoYallSeek/mlx-cgo/internal/codegen/cgo/cgo.go:231.39,233.14 1 0
github.com/WhoseBiasDoYallSeek/mlx-cgo/internal/codegen/cgo/cgo.go:234.79,235.20 1 0
github.com/WhoseBiasDoYallSeek/mlx-cgo/internal/codegen/cgo/cgo.go:237.2,237.13 1 0
github.com/WhoseBiasDoYallSeek/mlx-cgo/internal/codegen/cgo/cgo.go:242.40,246.21 3 0
github.com/WhoseBiasDoYallSeek/mlx-cgo/internal/codegen/cgo/cgo.go:246.21,248.3 1 0
github.com/WhoseBiasDoYallSeek/mlx-cgo/internal/codegen/cgo/cgo.go:249.2,250.26 2 0
github.com/WhoseBiasDoYallSeek/mlx-cgo/internal/codegen/cgo/cgo.go:250.26,251.14 1 0
github.com/WhoseBiasDoYallSeek/mlx-cgo/internal/codegen/cgo/cgo.go:251.14,252.12 1 0
github.com/WhoseBiasDoYallSeek/mlx-cgo/internal/codegen/cgo/cgo.go:254.3,256.27 3 0
github.com/WhoseBiasDoYallSeek/mlx-cgo/internal/codegen/cgo/cgo.go:258.2,258.19 1 0
github.com/WhoseBiasDoYallSeek/mlx-cgo/internal/codegen/cgo/cgo.go:262.37,266.11 3 0
github.com/WhoseBiasDoYallSeek/mlx-cgo/internal/codegen/cgo/cgo.go:267.19,268.17 1 0
github.com/WhoseBiasDoYallSeek/mlx-cgo/internal/codegen/cgo/cgo.go:269.20,270.18 1 0
github.com/WhoseBiasDoYallSeek/mlx-cgo/internal/codegen/cgo/cgo.go:271.20,272.18 1 0
github.com/WhoseBiasDoYallSeek/mlx-cgo/internal/codegen/cgo/cgo.go:273.19,274.17 1 0
github.com/WhoseBiasDoYallSeek/mlx-cgo/internal/codegen/cgo/cgo.go:275.21,276.19 1 0
github.com/WhoseBiasDoYallSeek/mlx-cgo/internal/codegen/cgo/cgo.go:277.28,278.25 1 0
github.com/WhoseBiasDoYallSeek/mlx-cgo/internal/codegen/cgo/cgo.go:279.26,280.23 1 0
github.com/WhoseBiasDoYallSeek/mlx-cgo/internal/codegen/cgo/cgo.go:281.33,282.28 1 0
github.com/WhoseBiasDoYallSeek/mlx-cgo/internal/codegen/cgo/cgo.go:283.34,284.29 1 0
github.com/WhoseBiasDoYallSeek/mlx-cgo/internal/codegen/cgo/cgo.go:285.31,286.28 1 0
github.com/WhoseBiasDoYallSeek/mlx-cgo/internal/codegen/cgo/cgo.go:287.20,288.21 1 0
github.com/WhoseBiasDoYallSeek/mlx-cgo/internal/codegen/cgo/cgo.go:289.13,290.15 1 0
github.com/WhoseBiasDoYallSeek/mlx-cgo/internal/codegen/cgo/cgo.go:291.15,292.19 1 0
github.com/WhoseBiasDoYallSeek/mlx-cgo/internal/codegen/cgo/cgo.go:293.16,294.19 1 0
github.com/WhoseBiasDoYallSeek/mlx-cgo/internal/codegen/cgo/cgo.go:295.14,296.16 1 0
github.com/WhoseBiasDoYallSeek/mlx-cgo/internal/codegen/cgo/cgo.go:297.28,298.18 1 0
github.com/WhoseBiasDoYallSeek/mlx-cgo/internal/codegen/cgo/cgo.go:299.17,300.17 1 0
github.com/WhoseBiasDoYallSeek/mlx-cgo/internal/codegen/cgo/cgo.go:301.17,302.17 1 0
github.com/WhoseBiasDoYallSeek/mlx-cgo/internal/codegen/cgo/cgo.go:303.19,304.19 1 0
github.com/WhoseBiasDoYallSeek/mlx-cgo/internal/codegen/cgo/cgo.go:305.30,306.18 1 0
github.com/WhoseBiasDoYallSeek/mlx-cgo/internal/codegen/cgo/cgo.go:307.20,308.19 1 0
github.com/WhoseBiasDoYallSeek/mlx-cgo/internal/codegen/cgo/cgo.go:309.22,310.21 1 0
github.com/WhoseBiasDoYallSeek/mlx-cgo/internal/codegen/cgo/cgo.go:311.25,312.21 1 0
github.com/WhoseBiasDoYallSeek/mlx-cgo/internal/codegen/cgo/cgo.go:315.2,315.34 1 0
github.com/WhoseBiasDoYallSeek/mlx-cgo/internal/codegen/cgo/cgo.go:315.34,317.3 1 0
github.com/WhoseBiasDoYallSeek/mlx-cgo/internal/codegen/cgo/cgo.go:318.2,318.10 1 0
github.com/WhoseBiasDoYallSeek/mlx-cgo/internal/codegen/cgo/cgo.go:323.40,327.2 3 0
github.com/WhoseBiasDoYallSeek/mlx-cgo/internal/codegen/cgo/cgo.go:330.38,334.2 3 0
github.com/WhoseBiasDoYallSeek/mlx-cgo/internal/codegen/cgo/cgo.go:337.41,340.11 3 0
github.com/WhoseBiasDoYallSeek/mlx-cgo/internal/codegen/cgo/cgo.go:343.55,344.21 1 0
github.com/WhoseBiasDoYallSeek/mlx-cgo/internal/codegen/cgo/cgo.go:345.13,346.31 1 0
github.com/WhoseBiasDoYallSeek/mlx-cgo/internal/codegen/cgo/cgo.go:347.15,348.33 1 0
github.com/WhoseBiasDoYallSeek/mlx-cgo/internal/codegen/cgo/cgo.go:349.16,350.34 1 0
github.com/WhoseBiasDoYallSeek/mlx-cgo/internal/codegen/cgo/cgo.go:351.14,352.32 1 0
github.com/WhoseBiasDoYallSeek/mlx-cgo/internal/codegen/cgo/cgo.go:353.16,354.34 1 0
github.com/WhoseBiasDoYallSeek/mlx-cgo/internal/codegen/cgo/cgo.go:355.17,356.35 1 0
github.com/WhoseBiasDoYallSeek/mlx-cgo/internal/codegen/cgo/cgo.go:357.19,358.37 1 0
github.com/WhoseBiasDoYallSeek/mlx-cgo/internal/codegen/cgo/cgo.go:359.30,360.25 1 0
github.com/WhoseBiasDoYallSeek/mlx-cgo/internal/codegen/cgo/cgo.go:361.20,362.58 1 0
github.com/WhoseBiasDoYallSeek/mlx-cgo/internal/codegen/cgo/cgo.go:363.22,364.58 1 0
github.com/WhoseBiasDoYallSeek/mlx-cgo/internal/codegen/cgo/cgo.go:366.2,366.34 1 0
github.com/WhoseBiasDoYallSeek/mlx-cgo/internal/codegen/cgo/cgo.go:366.34,368.3 1 0
github.com/WhoseBiasDoYallSeek/mlx-cgo/internal/codegen/cgo/cgo.go:369.2,369.36 1 0
github.com/WhoseBiasDoYallSeek/mlx-cgo/internal/codegen/cgo/cgo.go:373.41,376.11 3 0
github.com/WhoseBiasDoYallSeek/mlx-cgo/internal/codegen/cgo/cgo.go:377.19,378.31 1 0
github.com/WhoseBiasDoYallSeek/mlx-cgo/internal/codegen/cgo/cgo.go:379.20,380.32 1 0
github.com/WhoseBiasDoYallSeek/mlx-cgo/internal/codegen/cgo/cgo.go:381.20,382.32 1 0
github.com/WhoseBiasDoYallSeek/mlx-cgo/internal/codegen/cgo/cgo.go:383.21,384.33 1 0
github.com/WhoseBiasDoYallSeek/mlx-cgo/internal/codegen/cgo/cgo.go:385.26,386.37 1 0
github.com/WhoseBiasDoYallSeek/mlx-cgo/internal/codegen/cgo/cgo.go:387.33,388.42 1 0
github.com/WhoseBiasDoYallSeek/mlx-cgo/internal/codegen/cgo/cgo.go:389.13,390.29 1 0
github.com/WhoseBiasDoYallSeek/mlx-cgo/internal/codegen/cgo/cgo.go:391.15,392.33 1 0
github.com/WhoseBiasDoYallSeek/mlx-cgo/internal/codegen/cgo/cgo.go:393.16,394.33 1 0
github.com/WhoseBiasDoYallSeek/mlx-cgo/internal/codegen/cgo/cgo.go:395.14,396.30 1 0
github.com/WhoseBiasDoYallSeek/mlx-cgo/internal/codegen/cgo/cgo.go:397.19,398.31 1 0
github.com/WhoseBiasDoYallSeek/mlx-cgo/internal/codegen/cgo/cgo.go:400.2,400.34 1 0
github.com/WhoseBiasDoYallSeek/mlx-cgo/internal/codegen/cgo/cgo.go:400.34,402.3 1 0
github.com/WhoseBiasDoYallSeek/mlx-cgo/internal/codegen/cgo/cgo.go:403.2,403.13 1 0
github.com/WhoseBiasDoYallSeek/mlx-cgo/internal/codegen/cgo/cgo.go:407.37,409.11 2 0
github.com/WhoseBiasDoYallSeek/mlx-cgo/internal/codegen/cgo/cgo.go:410.13,411.13 1 0
github.com/WhoseBiasDoYallSeek/mlx-cgo/internal/codegen/cgo/cgo.go:412.15,413.13 1 0
github.com/WhoseBiasDoYallSeek/mlx-cgo/internal/codegen/cgo/cgo.go:414.16,415.13 1 0
github.com/WhoseBiasDoYallSeek/mlx-cgo/internal/codegen/cgo/cgo.go:416.14,417.17 1 0
github.com/WhoseBiasDoYallSeek/mlx-cgo/internal/codegen/cgo/cgo.go:419.2,420.18 2 0
github.com/WhoseBiasDoYallSeek/mlx-cgo/internal/codegen/cgo/cgo.go:424.35,427.26 3 0
github.com/WhoseBiasDoYallSeek/mlx-cgo/internal/codegen/cgo/cgo.go:427.26,428.14 1 0
github.com/WhoseBiasDoYallSeek/mlx-cgo/internal/codegen/cgo/cgo.go:428.14,429.12 1 0
github.com/WhoseBiasDoYallSeek/mlx-cgo/internal/codegen/cgo/cgo.go:431.3,433.27 3 0
github.com/WhoseBiasDoYallSeek/mlx-cgo/internal/codegen/cgo/cgo.go:435.2,435.19 1 0
github.com/WhoseBiasDoYallSeek/mlx-cgo/internal/codegen/cgo/scaffold.go:43.44,45.40 2 0
github.com/WhoseBiasDoYallSeek/mlx-cgo/internal/codegen/cgo/scaffold.go:45.40,47.3 1 0
github.com/WhoseBiasDoYallSeek/mlx-cgo/internal/codegen/cgo/scaffold.go:49.2,85.32 35 0
github.com/WhoseBiasDoYallSeek/mlx-cgo/internal/codegen/cgo/scaffold.go:85.32,97.3 11 0
github.com/WhoseBiasDoYallSeek/mlx-cgo/internal/codegen/cgo/scaffold.go:100.2,114.19 12 0
github.com/WhoseBiasDoYallSeek/mlx-cgo/internal/variants/variants.go:22.26,22.39 1 119
github.com/WhoseBiasDoYallSeek/mlx-cgo/internal/variants/variants.go:23.26,23.40 1 53
github.com/WhoseBiasDoYallSeek/mlx-cgo/internal/variants/variants.go:24.26,24.42 1 56
github.com/WhoseBiasDoYallSeek/mlx-cgo/internal/variants/variants.go:32.78,34.9 2 20
github.com/WhoseBiasDoYallSeek/mlx-cgo/internal/variants/variants.go:34.9,36.20 1 0
github.com/WhoseBiasDoYallSeek/mlx-cgo/internal/variants/variants.go:36.20,38.4 1 0
github.com/WhoseBiasDoYallSeek/mlx-cgo/internal/variants/variants.go:39.3,39.13 1 0
github.com/WhoseBiasDoYallSeek/mlx-cgo/internal/variants/variants.go:42.2,43.9 2 20
github.com/WhoseBiasDoYallSeek/mlx-cgo/internal/variants/variants.go:43.9,45.20 1 6
github.com/WhoseBiasDoYallSeek/mlx-cgo/internal/variants/variants.go:45.20,47.4 1 4
github.com/WhoseBiasDoYallSeek/mlx-cgo/internal/variants/variants.go:48.3,48.13 1 2
github.com/WhoseBiasDoYallSeek/mlx-cgo/internal/variants/variants.go:51.2,51.32 1 14
github.com/WhoseBiasDoYallSeek/mlx-cgo/internal/variants/variants.go:51.32,53.20 1 2
github.com/WhoseBiasDoYallSeek/mlx-cgo/internal/variants/variants.go:53.20,55.4 1 2
github.com/WhoseBiasDoYallSeek/mlx-cgo/internal/variants/variants.go:56.3,56.13 1 0
github.com/WhoseBiasDoYallSeek/mlx-cgo/internal/variants/variants.go:59.2,60.31 2 12
github.com/WhoseBiasDoYallSeek/mlx-cgo/internal/variants/variants.go:60.31,61.17 1 54
github.com/WhoseBiasDoYallSeek/mlx-cgo/internal/variants/variants.go:61.17,62.12 1 32
github.com/WhoseBiasDoYallSeek/mlx-cgo/internal/variants/variants.go:64.3,66.23 3 22
github.com/WhoseBiasDoYallSeek/mlx-cgo/internal/variants/variants.go:68.2,68.12 1 12
github.com/WhoseBiasDoYallSeek/mlx-cgo/internal/variants/variants.go:73.37,75.41 2 16
github.com/WhoseBiasDoYallSeek/mlx-cgo/internal/variants/variants.go:75.41,76.12 1 32
github.com/WhoseBiasDoYallSeek/mlx-cgo/internal/variants/variants.go:76.12,78.4 1 16
github.com/WhoseBiasDoYallSeek/mlx-cgo/internal/variants/variants.go:79.3,79.13 1 32
github.com/WhoseBiasDoYallSeek/mlx-cgo/internal/variants/variants.go:81.2,81.12 1 16
github.com/WhoseBiasDoYallSeek/mlx-cgo/internal/variants/variants.go:84.34,87.23 3 16
github.com/WhoseBiasDoYallSeek/mlx-cgo/internal/variants/variants.go:87.23,88.15 1 172
github.com/WhoseBiasDoYallSeek/mlx-cgo/internal/variants/variants.go:88.15,89.17 1 32
github.com/WhoseBiasDoYallSeek/mlx-cgo/internal/variants/variants.go:89.17,92.5 2 16
github.com/WhoseBiasDoYallSeek/mlx-cgo/internal/variants/variants.go:93.9,95.4 1 140
github.com/WhoseBiasDoYallSeek/mlx-cgo/internal/variants/variants.go:97.2,97.15 1 16
github.com/WhoseBiasDoYallSeek/mlx-cgo/internal/variants/variants.go:97.15,99.3 1 16
github.com/WhoseBiasDoYallSeek/mlx-cgo/internal/variants/variants.go:100.2,100.13 1 16
github.com/WhoseBiasDoYallSeek/mlx-cgo/internal/variants/variants.go:188.77,189.30 1 18
github.com/WhoseBiasDoYallSeek/mlx-cgo/internal/variants/variants.go:189.30,191.3 1 8
github.com/WhoseBiasDoYallSeek/mlx-cgo/internal/variants/variants.go:192.2,192.19 1 10
github.com/WhoseBiasDoYallSeek/mlx-cgo/internal/variants/variants.go:192.19,194.3 1 10
github.com/WhoseBiasDoYallSeek/mlx-cgo/internal/variants/variants.go:195.2,195.12 1 0
github.com/WhoseBiasDoYallSeek/mlx-cgo/internal/parser/ast.go:32.36,33.27 1 14
github.com/WhoseBiasDoYallSeek/mlx-cgo/internal/parser/ast.go:33.27,35.3 1 0
github.com/WhoseBiasDoYallSeek/mlx-cgo/internal/parser/ast.go:36.2,36.41 1 14
github.com/WhoseBiasDoYallSeek/mlx-cgo/internal/parser/clang.go:13.69,17.48 2 0
github.com/WhoseBiasDoYallSeek/mlx-cgo/internal/parser/clang.go:17.48,19.14 2 0
github.com/WhoseBiasDoYallSeek/mlx-cgo/internal/parser/clang.go:19.14,21.4 1 0
github.com/WhoseBiasDoYallSeek/mlx-cgo/internal/parser/clang.go:23.2,39.16 8 0
github.com/WhoseBiasDoYallSeek/mlx-cgo/internal/parser/clang.go:39.16,42.20 1 0
github.com/WhoseBiasDoYallSeek/mlx-cgo/internal/parser/clang.go:42.20,44.4 1 0
github.com/WhoseBiasDoYallSeek/mlx-cgo/internal/parser/clang.go:47.2,48.51 2 0
github.com/WhoseBiasDoYallSeek/mlx-cgo/internal/parser/clang.go:48.51,50.3 1 0
github.com/WhoseBiasDoYallSeek/mlx-cgo/internal/parser/clang.go:51.2,51.19 1 0
github.com/WhoseBiasDoYallSeek/mlx-cgo/internal/parser/extract.go:16.91,21.2 4 10
github.com/WhoseBiasDoYallSeek/mlx-cgo/internal/parser/extract.go:23.107,24.28 1 30
github.com/WhoseBiasDoYallSeek/mlx-cgo/internal/parser/extract.go:24.28,26.21 2 34
github.com/WhoseBiasDoYallSeek/mlx-cgo/internal/parser/extract.go:27.24,31.39 2 20
github.com/WhoseBiasDoYallSeek/mlx-cgo/internal/parser/extract.go:31.39,32.13 1 0
github.com/WhoseBiasDoYallSeek/mlx-cgo/internal/parser/extract.go:34.4,34.47 1 20
github.com/WhoseBiasDoYallSeek/mlx-cgo/internal/parser/extract.go:36.23,39.37 1 12
github.com/WhoseBiasDoYallSeek/mlx-cgo/internal/parser/extract.go:39.37,40.13 1 0
github.com/WhoseBiasDoYallSeek/mlx-cgo/internal/parser/extract.go:42.4,42.32 1 12
github.com/WhoseBiasDoYallSeek/mlx-cgo/internal/parser/extract.go:42.32,43.13 1 2
github.com/WhoseBiasDoYallSeek/mlx-cgo/internal/parser/extract.go:45.4,45.47 1 10
github.com/WhoseBiasDoYallSeek/mlx-cgo/internal/parser/extract.go:45.47,48.5 2 10
github.com/WhoseBiasDoYallSeek/mlx-cgo/internal/parser/extract.go:50.19,53.37 1 2
github.com/WhoseBiasDoYallSeek/mlx-cgo/internal/parser/extract.go:53.37,54.13 1 0
github.com/WhoseBiasDoYallSeek/mlx-cgo/internal/parser/extract.go:56.4,56.32 1 2
github.com/WhoseBiasDoYallSeek/mlx-cgo/internal/parser/extract.go:56.32,57.13 1 0
github.com/WhoseBiasDoYallSeek/mlx-cgo/internal/parser/extract.go:59.4,59.24 1 2
github.com/WhoseBiasDoYallSeek/mlx-cgo/internal/parser/extract.go:59.24,60.13 1 0
github.com/WhoseBiasDoYallSeek/mlx-cgo/internal/parser/extract.go:62.4,63.33 2 2
github.com/WhoseBiasDoYallSeek/mlx-cgo/internal/parser/extract.go:68.68,70.55 2 10
github.com/WhoseBiasDoYallSeek/mlx-cgo/internal/parser/extract.go:70.55,72.3 1 0
github.com/WhoseBiasDoYallSeek/mlx-cgo/internal/parser/extract.go:74.2,78.28 4 10
github.com/WhoseBiasDoYallSeek/mlx-cgo/internal/parser/extract.go:78.28,80.34 2 12
github.com/WhoseBiasDoYallSeek/mlx-cgo/internal/parser/extract.go:80.34,81.12 1 0
github.com/WhoseBiasDoYallSeek/mlx-cgo/internal/parser/extract.go:83.3,84.18 2 12
github.com/WhoseBiasDoYallSeek/mlx-cgo/internal/parser/extract.go:84.18,86.4 1 0
github.com/WhoseBiasDoYallSeek/mlx-cgo/internal/parser/extract.go:87.3,89.23 3 12
github.com/WhoseBiasDoYallSeek/mlx-cgo/internal/parser/extract.go:89.23,94.4 1 2
github.com/WhoseBiasDoYallSeek/mlx-cgo/internal/parser/extract.go:95.3,96.42 2 12
github.com/WhoseBiasDoYallSeek/mlx-cgo/internal/parser/extract.go:99.2,105.9 1 10
github.com/WhoseBiasDoYallSeek/mlx-cgo/internal/parser/extract.go:108.52,110.28 2 2
github.com/WhoseBiasDoYallSeek/mlx-cgo/internal/parser/extract.go:110.28,112.39 2 6
github.com/WhoseBiasDoYallSeek/mlx-cgo/internal/parser/extract.go:112.39,114.4 1 6
github.com/WhoseBiasDoYallSeek/mlx-cgo/internal/parser/extract.go:116.2,120.3 1 2
github.com/WhoseBiasDoYallSeek/mlx-cgo/internal/parser/extract.go:128.49,130.42 2 18
github.com/WhoseBiasDoYallSeek/mlx-cgo/internal/parser/extract.go:130.42,131.22 1 400
github.com/WhoseBiasDoYallSeek/mlx-cgo/internal/parser/extract.go:132.12,133.11 1 18
github.com/WhoseBiasDoYallSeek/mlx-cgo/internal/parser/extract.go:134.12,136.18 2 18
github.com/WhoseBiasDoYallSeek/mlx-cgo/internal/parser/extract.go:136.18,140.5 2 18
github.com/WhoseBiasDoYallSeek/mlx-cgo/internal/parser/extract.go:144.2,144.32 1 0
github.com/WhoseBiasDoYallSeek/mlx-cgo/internal/parser/extract.go:150.37,159.18 6 60
github.com/WhoseBiasDoYallSeek/mlx-cgo/internal/parser/extract.go:159.18,161.3 1 2
github.com/WhoseBiasDoYallSeek/mlx-cgo/internal/parser/extract.go:165.2,165.43 1 58
github.com/WhoseBiasDoYallSeek/mlx-cgo/internal/parser/extract.go:165.43,167.3 1 6
github.com/WhoseBiasDoYallSeek/mlx-cgo/internal/parser/extract.go:168.2,168.10 1 58
github.com/WhoseBiasDoYallSeek/mlx-cgo/internal/parser/extract.go:174.45,176.36 1 6
github.com/WhoseBiasDoYallSeek/mlx-cgo/internal/parser/extract.go:176.36,178.3 1 6
github.com/WhoseBiasDoYallSeek/mlx-cgo/internal/parser/extract.go:180.2,180.32 1 6
github.com/WhoseBiasDoYallSeek/mlx-cgo/internal/parser/extract.go:180.32,183.3 2 6
github.com/WhoseBiasDoYallSeek/mlx-cgo/internal/parser/extract.go:185.2,188.10 3 6
github.com/WhoseBiasDoYallSeek/mlx-cgo/internal/parser/extract.go:191.37,192.14 1 40
github.com/WhoseBiasDoYallSeek/mlx-cgo/internal/parser/extract.go:192.14,194.3 1 12
github.com/WhoseBiasDoYallSeek/mlx-cgo/internal/parser/extract.go:195.2,195.25 1 28
github.com/WhoseBiasDoYallSeek/mlx-cgo/internal/codegen/c_header.go:25.3,26.40 1 0
github.com/WhoseBiasDoYallSeek/mlx-cgo/internal/codegen/c_header.go:26.40,26.80 1 0
github.com/WhoseBiasDoYallSeek/mlx-cgo/internal/codegen/c_header.go:27.2,27.23 1 0
github.com/WhoseBiasDoYallSeek/mlx-cgo/internal/codegen/c_header.go:27.23,27.43 1 0
github.com/WhoseBiasDoYallSeek/mlx-cgo/internal/codegen/c_header.go:29.2,40.21 8 0
github.com/WhoseBiasDoYallSeek/mlx-cgo/internal/codegen/c_header.go:40.21,47.3 6 0
github.com/WhoseBiasDoYallSeek/mlx-cgo/internal/codegen/c_header.go:50.2,50.42 1 0
github.com/WhoseBiasDoYallSeek/mlx-cgo/internal/codegen/c_header.go:50.42,53.33 3 0
github.com/WhoseBiasDoYallSeek/mlx-cgo/internal/codegen/c_header.go:53.33,55.4 1 0
github.com/WhoseBiasDoYallSeek/mlx-cgo/internal/codegen/c_header.go:56.3,59.8 4 0
github.com/WhoseBiasDoYallSeek/mlx-cgo/internal/codegen/c_header.go:63.2,63.43 1 0
github.com/WhoseBiasDoYallSeek/mlx-cgo/internal/codegen/c_header.go:63.43,66.48 2 0
github.com/WhoseBiasDoYallSeek/mlx-cgo/internal/codegen/c_header.go:66.48,67.20 1 0
github.com/WhoseBiasDoYallSeek/mlx-cgo/internal/codegen/c_header.go:67.20,70.5 2 0
github.com/WhoseBiasDoYallSeek/mlx-cgo/internal/codegen/c_header.go:71.4,71.12 1 0
github.com/WhoseBiasDoYallSeek/mlx-cgo/internal/codegen/c_header.go:74.3,75.10 2 0
github.com/WhoseBiasDoYallSeek/mlx-cgo/internal/codegen/c_header.go:75.10,76.12 1 0
github.com/WhoseBiasDoYallSeek/mlx-cgo/internal/codegen/c_header.go:78.3,78.16 1 0
github.com/WhoseBiasDoYallSeek/mlx-cgo/internal/codegen/c_header.go:82.2,82.62 1 0
github.com/WhoseBiasDoYallSeek/mlx-cgo/internal/codegen/c_header.go:82.62,84.3 1 0
github.com/WhoseBiasDoYallSeek/mlx-cgo/internal/codegen/c_header.go:86.2,86.21 1 0
github.com/WhoseBiasDoYallSeek/mlx-cgo/internal/codegen/c_header.go:86.21,89.3 2 0
github.com/WhoseBiasDoYallSeek/mlx-cgo/internal/codegen/c_header.go:91.2,97.3 1 0
github.com/WhoseBiasDoYallSeek/mlx-cgo/internal/codegen/c_header.go:102.55,104.9 2 0
github.com/WhoseBiasDoYallSeek/mlx-cgo/internal/codegen/c_header.go:104.9,106.3 1 0
github.com/WhoseBiasDoYallSeek/mlx-cgo/internal/codegen/c_header.go:108.2,112.28 3 0
github.com/WhoseBiasDoYallSeek/mlx-cgo/internal/codegen/c_header.go:112.28,113.45 1 0
github.com/WhoseBiasDoYallSeek/mlx-cgo/internal/codegen/c_header.go:113.45,115.4 1 0
github.com/WhoseBiasDoYallSeek/mlx-cgo/internal/codegen/c_header.go:119.2,119.33 1 0
github.com/WhoseBiasDoYallSeek/mlx-cgo/internal/codegen/c_header.go:119.33,120.43 1 0
github.com/WhoseBiasDoYallSeek/mlx-cgo/internal/codegen/c_header.go:120.43,121.12 1 0
github.com/WhoseBiasDoYallSeek/mlx-cgo/internal/codegen/c_header.go:123.3,124.10 2 0
github.com/WhoseBiasDoYallSeek/mlx-cgo/internal/codegen/c_header.go:124.10,126.4 1 0
github.com/WhoseBiasDoYallSeek/mlx-cgo/internal/codegen/c_header.go:127.3,127.21 1 0
github.com/WhoseBiasDoYallSeek/mlx-cgo/internal/codegen/c_header.go:127.21,128.12 1 0
github.com/WhoseBiasDoYallSeek/mlx-cgo/internal/codegen/c_header.go:130.3,130.43 1 0
github.com/WhoseBiasDoYallSeek/mlx-cgo/internal/codegen/c_header.go:133.2,134.19 2 0
github.com/WhoseBiasDoYallSeek/mlx-cgo/internal/codegen/c_header.go:134.19,136.3 1 0
github.com/WhoseBiasDoYallSeek/mlx-cgo/internal/codegen/c_header.go:138.2,142.18 4 0
github.com/WhoseBiasDoYallSeek/mlx-cgo/internal/codegen/c_header.go:147.60,149.23 2 0
github.com/WhoseBiasDoYallSeek/mlx-cgo/internal/codegen/c_header.go:149.23,151.3 1 0
github.com/WhoseBiasDoYallSeek/mlx-cgo/internal/codegen/c_header.go:152.2,154.25 3 0
github.com/WhoseBiasDoYallSeek/mlx-cgo/internal/codegen/c_header.go:154.25,156.3 1 0
github.com/WhoseBiasDoYallSeek/mlx-cgo/internal/codegen/c_header.go:157.2,157.12 1 0
github.com/WhoseBiasDoYallSeek/mlx-cgo/internal/codegen/c_header.go:162.74,165.23 2 0
github.com/WhoseBiasDoYallSeek/mlx-cgo/internal/codegen/c_header.go:165.23,167.3 1 0
github.com/WhoseBiasDoYallSeek/mlx-cgo/internal/codegen/c_header.go:168.2,171.30 3 0
github.com/WhoseBiasDoYallSeek/mlx-cgo/internal/codegen/c_header.go:171.30,179.46 5 0
github.com/WhoseBiasDoYallSeek/mlx-cgo/internal/codegen/c_header.go:179.46,181.4 1 0
github.com/WhoseBiasDoYallSeek/mlx-cgo/internal/codegen/c_header.go:184.3,186.32 3 0
github.com/WhoseBiasDoYallSeek/mlx-cgo/internal/codegen/c_header.go:186.32,188.4 1 0
github.com/WhoseBiasDoYallSeek/mlx-cgo/internal/codegen/c_header.go:188.9,190.4 1 0
github.com/WhoseBiasDoYallSeek/mlx-cgo/internal/codegen/c_header.go:193.3,194.30 2 0
github.com/WhoseBiasDoYallSeek/mlx-cgo/internal/codegen/c_header.go:194.30,195.24 1 0
github.com/WhoseBiasDoYallSeek/mlx-cgo/internal/codegen/c_header.go:195.24,198.5 2 0
github.com/WhoseBiasDoYallSeek/mlx-cgo/internal/codegen/c_header.go:201.2,201.44 1 0
github.com/WhoseBiasDoYallSeek/mlx-cgo/internal/codegen/c_header.go:201.44,203.33 1 0
github.com/WhoseBiasDoYallSeek/mlx-cgo/internal/codegen/c_header.go:203.33,205.4 1 0
github.com/WhoseBiasDoYallSeek/mlx-cgo/internal/codegen/c_header.go:207.3,207.47 1 0
github.com/WhoseBiasDoYallSeek/mlx-cgo/internal/codegen/c_header.go:207.47,209.4 1 0
github.com/WhoseBiasDoYallSeek/mlx-cgo/internal/codegen/c_header.go:211.3,211.15 1 0
github.com/WhoseBiasDoYallSeek/mlx-cgo/internal/codegen/c_header.go:213.2,213.12 1 0
github.com/WhoseBiasDoYallSeek/mlx-cgo/internal/codegen/c_impl.go:22.3,23.40 1 0
github.com/WhoseBiasDoYallSeek/mlx-cgo/internal/codegen/c_impl.go:23.40,23.80 1 0
github.com/WhoseBiasDoYallSeek/mlx-cgo/internal/codegen/c_impl.go:24.2,24.23 1 0
github.com/WhoseBiasDoYallSeek/mlx-cgo/internal/codegen/c_impl.go:24.23,24.43 1 0
github.com/WhoseBiasDoYallSeek/mlx-cgo/internal/codegen/c_impl.go:26.2,29.28 3 0
github.com/WhoseBiasDoYallSeek/mlx-cgo/internal/codegen/c_impl.go:29.28,31.48 1 0
github.com/WhoseBiasDoYallSeek/mlx-cgo/internal/codegen/c_impl.go:31.48,33.4 1 0
github.com/WhoseBiasDoYallSeek/mlx-cgo/internal/codegen/c_impl.go:35.2,39.43 4 0
github.com/WhoseBiasDoYallSeek/mlx-cgo/internal/codegen/c_impl.go:39.43,42.47 2 0
github.com/WhoseBiasDoYallSeek/mlx-cgo/internal/codegen/c_impl.go:42.47,43.20 1 0
github.com/WhoseBiasDoYallSeek/mlx-cgo/internal/codegen/c_impl.go:43.20,46.5 2 0
github.com/WhoseBiasDoYallSeek/mlx-cgo/internal/codegen/c_impl.go:47.4,47.12 1 0
github.com/WhoseBiasDoYallSeek/mlx-cgo/internal/codegen/c_impl.go:50.3,51.10 2 0
github.com/WhoseBiasDoYallSeek/mlx-cgo/internal/codegen/c_impl.go:51.10,52.12 1 0
github.com/WhoseBiasDoYallSeek/mlx-cgo/internal/codegen/c_impl.go:55.3,56.10 2 0
github.com/WhoseBiasDoYallSeek/mlx-cgo/internal/codegen/c_impl.go:56.10,57.12 1 0
github.com/WhoseBiasDoYallSeek/mlx-cgo/internal/codegen/c_impl.go:61.3,62.34 2 0
github.com/WhoseBiasDoYallSeek/mlx-cgo/internal/codegen/c_impl.go:62.34,63.44 1 0
github.com/WhoseBiasDoYallSeek/mlx-cgo/internal/codegen/c_impl.go:63.44,64.13 1 0
github.com/WhoseBiasDoYallSeek/mlx-cgo/internal/codegen/c_impl.go:66.4,67.11 2 0
github.com/WhoseBiasDoYallSeek/mlx-cgo/internal/codegen/c_impl.go:67.11,68.18 1 0
github.com/WhoseBiasDoYallSeek/mlx-cgo/internal/codegen/c_impl.go:70.4,70.24 1 0
github.com/WhoseBiasDoYallSeek/mlx-cgo/internal/codegen/c_impl.go:70.24,72.5 1 0
github.com/WhoseBiasDoYallSeek/mlx-cgo/internal/codegen/c_impl.go:75.3,78.34 3 0
github.com/WhoseBiasDoYallSeek/mlx-cgo/internal/codegen/c_impl.go:78.34,80.5 1 0
github.com/WhoseBiasDoYallSeek/mlx-cgo/internal/codegen/c_impl.go:82.4,91.9 10 0
github.com/WhoseBiasDoYallSeek/mlx-cgo/internal/codegen/c_impl.go:93.3,93.11 1 0
github.com/WhoseBiasDoYallSeek/mlx-cgo/internal/codegen/c_impl.go:99.2,99.61 1 0
github.com/WhoseBiasDoYallSeek/mlx-cgo/internal/codegen/c_impl.go:99.61,101.3 1 0
github.com/WhoseBiasDoYallSeek/mlx-cgo/internal/codegen/closure.go:18.42,33.2 6 4
github.com/WhoseBiasDoYallSeek/mlx-cgo/internal/codegen/closure.go:36.41,38.45 2 2
github.com/WhoseBiasDoYallSeek/mlx-cgo/internal/codegen/closure.go:38.45,40.33 2 12
github.com/WhoseBiasDoYallSeek/mlx-cgo/internal/codegen/closure.go:40.33,42.4 1 2
github.com/WhoseBiasDoYallSeek/mlx-cgo/internal/codegen/closure.go:44.2,44.31 1 2
github.com/WhoseBiasDoYallSeek/mlx-cgo/internal/codegen/closure.go:48.39,50.45 2 2
github.com/WhoseBiasDoYallSeek/mlx-cgo/internal/codegen/closure.go:50.45,52.33 2 12
github.com/WhoseBiasDoYallSeek/mlx-cgo/internal/codegen/closure.go:52.33,54.4 1 2
github.com/WhoseBiasDoYallSeek/mlx-cgo/internal/codegen/closure.go:56.2,56.31 1 2
github.com/WhoseBiasDoYallSeek/mlx-cgo/internal/codegen/closure.go:60.42,62.45 2 0
github.com/WhoseBiasDoYallSeek/mlx-cgo/internal/codegen/closure.go:62.45,68.38 4 0
github.com/WhoseBiasDoYallSeek/mlx-cgo/internal/codegen/closure.go:68.38,72.4 3 0
github.com/WhoseBiasDoYallSeek/mlx-cgo/internal/codegen/closure.go:73.3,74.59 2 0
github.com/WhoseBiasDoYallSeek/mlx-cgo/internal/codegen/closure.go:76.2,76.31 1 0
github.com/WhoseBiasDoYallSeek/mlx-cgo/internal/codegen/closure.go:81.51,84.9 3 12
github.com/WhoseBiasDoYallSeek/mlx-cgo/internal/codegen/closure.go:84.9,86.3 1 0
github.com/WhoseBiasDoYallSeek/mlx-cgo/internal/codegen/closure.go:88.2,89.28 2 12
github.com/WhoseBiasDoYallSeek/mlx-cgo/internal/codegen/closure.go:89.28,91.3 1 12
github.com/WhoseBiasDoYallSeek/mlx-cgo/internal/codegen/closure.go:92.2,93.28 2 12
github.com/WhoseBiasDoYallSeek/mlx-cgo/internal/codegen/closure.go:93.28,95.3 1 12
github.com/WhoseBiasDoYallSeek/mlx-cgo/internal/codegen/closure.go:97.2,98.37 2 12
github.com/WhoseBiasDoYallSeek/mlx-cgo/internal/codegen/closure.go:98.37,100.10 2 24
github.com/WhoseBiasDoYallSeek/mlx-cgo/internal/codegen/closure.go:100.10,101.12 1 0
github.com/WhoseBiasDoYallSeek/mlx-cgo/internal/codegen/closure.go:103.3,104.30 2 24
github.com/WhoseBiasDoYallSeek/mlx-cgo/internal/codegen/closure.go:104.30,106.4 1 20
github.com/WhoseBiasDoYallSeek/mlx-cgo/internal/codegen/closure.go:107.3,108.20 2 24
github.com/WhoseBiasDoYallSeek/mlx-cgo/internal/codegen/closure.go:108.20,111.4 2 24
github.com/WhoseBiasDoYallSeek/mlx-cgo/internal/codegen/closure.go:114.2,117.35 4 12
github.com/WhoseBiasDoYallSeek/mlx-cgo/internal/codegen/closure.go:117.35,120.3 2 12
github.com/WhoseBiasDoYallSeek/mlx-cgo/internal/codegen/closure.go:120.8,120.25 1 0
github.com/WhoseBiasDoYallSeek/mlx-cgo/internal/codegen/closure.go:120.25,123.3 2 0
github.com/WhoseBiasDoYallSeek/mlx-cgo/internal/codegen/closure.go:125.2,146.3 1 12
github.com/WhoseBiasDoYallSeek/mlx-cgo/internal/codegen/closure.go:151.51,154.9 3 12
github.com/WhoseBiasDoYallSeek/mlx-cgo/internal/codegen/closure.go:154.9,156.3 1 0
github.com/WhoseBiasDoYallSeek/mlx-cgo/internal/codegen/closure.go:158.2,161.28 4 12
github.com/WhoseBiasDoYallSeek/mlx-cgo/internal/codegen/closure.go:161.28,163.3 1 12
github.com/WhoseBiasDoYallSeek/mlx-cgo/internal/codegen/closure.go:164.2,165.28 2 12
github.com/WhoseBiasDoYallSeek/mlx-cgo/internal/codegen/closure.go:165.28,167.3 1 12
github.com/WhoseBiasDoYallSeek/mlx-cgo/internal/codegen/closure.go:168.2,169.28 2 12
github.com/WhoseBiasDoYallSeek/mlx-cgo/internal/codegen/closure.go:169.28,175.50 3 12
github.com/WhoseBiasDoYallSeek/mlx-cgo/internal/codegen/closure.go:175.50,178.23 3 16
github.com/WhoseBiasDoYallSeek/mlx-cgo/internal/codegen/closure.go:178.23,182.5 3 16
github.com/WhoseBiasDoYallSeek/mlx-cgo/internal/codegen/closure.go:184.3,184.42 1 12
github.com/WhoseBiasDoYallSeek/mlx-cgo/internal/codegen/closure.go:188.2,189.22 2 12
github.com/WhoseBiasDoYallSeek/mlx-cgo/internal/codegen/closure.go:189.22,193.33 2 12
github.com/WhoseBiasDoYallSeek/mlx-cgo/internal/codegen/closure.go:193.33,195.4 1 4
github.com/WhoseBiasDoYallSeek/mlx-cgo/internal/codegen/closure.go:195.9,197.4 1 8
github.com/WhoseBiasDoYallSeek/mlx-cgo/internal/codegen/closure.go:199.2,200.22 2 12
github.com/WhoseBiasDoYallSeek/mlx-cgo/internal/codegen/closure.go:200.22,202.3 1 12
github.com/WhoseBiasDoYallSeek/mlx-cgo/internal/codegen/closure.go:203.2,204.24 2 12
github.com/WhoseBiasDoYallSeek/mlx-cgo/internal/codegen/closure.go:204.24,206.3 1 12
github.com/WhoseBiasDoYallSeek/mlx-cgo/internal/codegen/closure.go:209.2,210.32 2 12
github.com/WhoseBiasDoYallSeek/mlx-cgo/internal/codegen/closure.go:210.32,212.3 1 12
github.com/WhoseBiasDoYallSeek/mlx-cgo/internal/codegen/closure.go:215.2,216.37 2 12
github.com/WhoseBiasDoYallSeek/mlx-cgo/internal/codegen/closure.go:216.37,218.11 2 24
github.com/WhoseBiasDoYallSeek/mlx-cgo/internal/codegen/closure.go:218.11,219.12 1 0
github.com/WhoseBiasDoYallSeek/mlx-cgo/internal/codegen/closure.go:221.3,222.30 2 24
github.com/WhoseBiasDoYallSeek/mlx-cgo/internal/codegen/closure.go:222.30,224.4 1 20
github.com/WhoseBiasDoYallSeek/mlx-cgo/internal/codegen/closure.go:225.3,231.20 5 24
github.com/WhoseBiasDoYallSeek/mlx-cgo/internal/codegen/closure.go:231.20,233.4 1 24
github.com/WhoseBiasDoYallSeek/mlx-cgo/internal/codegen/closure.go:234.3,234.30 1 24
github.com/WhoseBiasDoYallSeek/mlx-cgo/internal/codegen/closure.go:234.30,241.4 3 24
github.com/WhoseBiasDoYallSeek/mlx-cgo/internal/codegen/closure.go:242.3,242.20 1 24
github.com/WhoseBiasDoYallSeek/mlx-cgo/internal/codegen/closure.go:242.20,246.4 1 24
github.com/WhoseBiasDoYallSeek/mlx-cgo/internal/codegen/closure.go:247.3,247.20 1 24
github.com/WhoseBiasDoYallSeek/mlx-cgo/internal/codegen/closure.go:247.20,252.4 4 24
github.com/WhoseBiasDoYallSeek/mlx-cgo/internal/codegen/closure.go:254.3,255.70 2 24
github.com/WhoseBiasDoYallSeek/mlx-cgo/internal/codegen/closure.go:255.70,257.4 1 4
github.com/WhoseBiasDoYallSeek/mlx-cgo/internal/codegen/closure.go:260.2,262.45 3 12
github.com/WhoseBiasDoYallSeek/mlx-cgo/internal/codegen/closure.go:262.45,264.3 1 12
github.com/WhoseBiasDoYallSeek/mlx-cgo/internal/codegen/closure.go:264.8,264.31 1 0
github.com/WhoseBiasDoYallSeek/mlx-cgo/internal/codegen/closure.go:264.31,266.3 1 0
github.com/WhoseBiasDoYallSeek/mlx-cgo/internal/codegen/closure.go:268.2,270.45 3 12
github.com/WhoseBiasDoYallSeek/mlx-cgo/internal/codegen/closure.go:270.45,272.3 1 12
github.com/WhoseBiasDoYallSeek/mlx-cgo/internal/codegen/closure.go:272.8,272.30 1 0
github.com/WhoseBiasDoYallSeek/mlx-cgo/internal/codegen/closure.go:272.30,274.3 1 0
github.com/WhoseBiasDoYallSeek/mlx-cgo/internal/codegen/closure.go:276.2,397.3 3 12
github.com/WhoseBiasDoYallSeek/mlx-cgo/internal/codegen/closure.go:400.44,402.37 2 12
github.com/WhoseBiasDoYallSeek/mlx-cgo/internal/codegen/closure.go:402.37,404.10 2 24
github.com/WhoseBiasDoYallSeek/mlx-cgo/internal/codegen/closure.go:404.10,405.12 1 0
github.com/WhoseBiasDoYallSeek/mlx-cgo/internal/codegen/closure.go:407.3,408.30 2 24
github.com/WhoseBiasDoYallSeek/mlx-cgo/internal/codegen/closure.go:408.30,410.4 1 20
github.com/WhoseBiasDoYallSeek/mlx-cgo/internal/codegen/closure.go:411.3,411.22 1 24
github.com/WhoseBiasDoYallSeek/mlx-cgo/internal/codegen/closure.go:411.22,413.4 1 24
github.com/WhoseBiasDoYallSeek/mlx-cgo/internal/codegen/closure.go:415.2,415.33 1 12
github.com/WhoseBiasDoYallSeek/mlx-cgo/internal/codegen/cnamespace.go:16.41,19.26 3 0
github.com/WhoseBiasDoYallSeek/mlx-cgo/internal/codegen/cnamespace.go:19.26,20.25 1 0
github.com/WhoseBiasDoYallSeek/mlx-cgo/internal/codegen/cnamespace.go:20.25,25.13 1 0
github.com/WhoseBiasDoYallSeek/mlx-cgo/internal/codegen/cnamespace.go:25.13,29.45 3 0
github.com/WhoseBiasDoYallSeek/mlx-cgo/internal/codegen/cnamespace.go:29.45,31.6 1 0
github.com/WhoseBiasDoYallSeek/mlx-cgo/internal/codegen/cnamespace.go:33.4,33.41 1 0
github.com/WhoseBiasDoYallSeek/mlx-cgo/internal/codegen/cnamespace.go:34.9,36.4 1 0
github.com/WhoseBiasDoYallSeek/mlx-cgo/internal/codegen/cnamespace.go:38.2,38.20 1 0
github.com/WhoseBiasDoYallSeek/mlx-cgo/internal/codegen/cnamespace.go:47.42,49.64 2 0
github.com/WhoseBiasDoYallSeek/mlx-cgo/internal/codegen/cnamespace.go:49.64,51.42 2 0
github.com/WhoseBiasDoYallSeek/mlx-cgo/internal/codegen/cnamespace.go:51.42,53.4 1 0
github.com/WhoseBiasDoYallSeek/mlx-cgo/internal/codegen/cnamespace.go:55.2,55.33 1 0
github.com/WhoseBiasDoYallSeek/mlx-cgo/internal/codegen/cnamespace.go:63.56,66.19 3 0
github.com/WhoseBiasDoYallSeek/mlx-cgo/internal/codegen/cnamespace.go:66.19,68.3 1 0
github.com/WhoseBiasDoYallSeek/mlx-cgo/internal/codegen/cnamespace.go:69.2,69.14 1 0
github.com/WhoseBiasDoYallSeek/mlx-cgo/internal/codegen/map.go:23.33,23.71 1 2
github.com/WhoseBiasDoYallSeek/mlx-cgo/internal/codegen/map.go:24.36,24.86 1 4
github.com/WhoseBiasDoYallSeek/mlx-cgo/internal/codegen/map.go:32.33,32.68 1 10
github.com/WhoseBiasDoYallSeek/mlx-cgo/internal/codegen/map.go:33.36,33.78 1 8
github.com/WhoseBiasDoYallSeek/mlx-cgo/internal/codegen/map.go:36.41,41.2 1 4
github.com/WhoseBiasDoYallSeek/mlx-cgo/internal/codegen/map.go:44.37,46.41 2 2
github.com/WhoseBiasDoYallSeek/mlx-cgo/internal/codegen/map.go:46.41,48.3 1 4
github.com/WhoseBiasDoYallSeek/mlx-cgo/internal/codegen/map.go:49.2,49.27 1 2
github.com/WhoseBiasDoYallSeek/mlx-cgo/internal/codegen/map.go:53.35,55.41 2 2
github.com/WhoseBiasDoYallSeek/mlx-cgo/internal/codegen/map.go:55.41,57.3 1 4
github.com/WhoseBiasDoYallSeek/mlx-cgo/internal/codegen/map.go:58.2,58.27 1 2
github.com/WhoseBiasDoYallSeek/mlx-cgo/internal/codegen/map.go:62.38,64.41 2 0
github.com/WhoseBiasDoYallSeek/mlx-cgo/internal/codegen/map.go:64.41,79.3 8 0
github.com/WhoseBiasDoYallSeek/mlx-cgo/internal/codegen/map.go:80.2,80.27 1 0
github.com/WhoseBiasDoYallSeek/mlx-cgo/internal/codegen/map.go:83.47,162.2 2 4
github.com/WhoseBiasDoYallSeek/mlx-cgo/internal/codegen/map.go:164.47,298.2 3 4
github.com/WhoseBiasDoYallSeek/mlx-cgo/internal/codegen/private.go:26.3,31.32 4 8
github.com/WhoseBiasDoYallSeek/mlx-cgo/internal/codegen/private.go:31.32,33.3 1 0
github.com/WhoseBiasDoYallSeek/mlx-cgo/internal/codegen/private.go:35.2,36.21 2 8
github.com/WhoseBiasDoYallSeek/mlx-cgo/internal/codegen/private.go:36.21,38.3 1 0
github.com/WhoseBiasDoYallSeek/mlx-cgo/internal/codegen/private.go:39.2,39.22 1 8
github.com/WhoseBiasDoYallSeek/mlx-cgo/internal/codegen/private.go:39.22,41.3 1 8
github.com/WhoseBiasDoYallSeek/mlx-cgo/internal/codegen/private.go:43.2,43.40 1 8
github.com/WhoseBiasDoYallSeek/mlx-cgo/internal/codegen/private.go:43.40,43.80 1 100
github.com/WhoseBiasDoYallSeek/mlx-cgo/internal/codegen/private.go:45.2,57.28 12 8
github.com/WhoseBiasDoYallSeek/mlx-cgo/internal/codegen/private.go:57.28,60.15 3 10
github.com/WhoseBiasDoYallSeek/mlx-cgo/internal/codegen/private.go:60.15,61.13 1 2
github.com/WhoseBiasDoYallSeek/mlx-cgo/internal/codegen/private.go:61.13,63.5 1 2
github.com/WhoseBiasDoYallSeek/mlx-cgo/internal/codegen/private.go:64.4,64.31 1 2
github.com/WhoseBiasDoYallSeek/mlx-cgo/internal/codegen/private.go:66.3,67.22 2 10
github.com/WhoseBiasDoYallSeek/mlx-cgo/internal/codegen/private.go:70.2,71.13 2 8
github.com/WhoseBiasDoYallSeek/mlx-cgo/internal/codegen/private.go:75.79,77.21 2 10
github.com/WhoseBiasDoYallSeek/mlx-cgo/internal/codegen/private.go:77.21,79.3 1 2
github.com/WhoseBiasDoYallSeek/mlx-cgo/internal/codegen/private.go:81.2,88.12 3 10
github.com/WhoseBiasDoYallSeek/mlx-cgo/internal/codegen/private.go:88.12,99.3 1 0
github.com/WhoseBiasDoYallSeek/mlx-cgo/internal/codegen/private.go:99.8,111.3 1 10
github.com/WhoseBiasDoYallSeek/mlx-cgo/internal/codegen/private.go:113.2,114.12 2 10
github.com/WhoseBiasDoYallSeek/mlx-cgo/internal/codegen/private.go:114.12,124.3 1 0
github.com/WhoseBiasDoYallSeek/mlx-cgo/internal/codegen/private.go:124.8,145.3 1 10
github.com/WhoseBiasDoYallSeek/mlx-cgo/internal/codegen/private.go:147.2,163.34 2 10
github.com/WhoseBiasDoYallSeek/mlx-cgo/internal/codegen/vector.go:27.44,34.39 1 4
github.com/WhoseBiasDoYallSeek/mlx-cgo/internal/codegen/vector.go:34.39,34.77 1 12
github.com/WhoseBiasDoYallSeek/mlx-cgo/internal/codegen/vector.go:35.42,35.92 1 2
github.com/WhoseBiasDoYallSeek/mlx-cgo/internal/codegen/vector.go:42.39,42.84 1 12
github.com/WhoseBiasDoYallSeek/mlx-cgo/internal/codegen/vector.go:43.42,43.99 1 2
github.com/WhoseBiasDoYallSeek/mlx-cgo/internal/codegen/vector.go:50.39,50.51 1 12
github.com/WhoseBiasDoYallSeek/mlx-cgo/internal/codegen/vector.go:51.42,51.72 1 2
github.com/WhoseBiasDoYallSeek/mlx-cgo/internal/codegen/vector.go:58.39,58.51 1 12
github.com/WhoseBiasDoYallSeek/mlx-cgo/internal/codegen/vector.go:59.42,59.84 1 2
github.com/WhoseBiasDoYallSeek/mlx-cgo/internal/codegen/vector.go:65.40,67.41 2 2
github.com/WhoseBiasDoYallSeek/mlx-cgo/internal/codegen/vector.go:67.41,69.3 1 8
github.com/WhoseBiasDoYallSeek/mlx-cgo/internal/codegen/vector.go:70.2,70.30 1 2
github.com/WhoseBiasDoYallSeek/mlx-cgo/internal/codegen/vector.go:74.38,76.41 2 2
github.com/WhoseBiasDoYallSeek/mlx-cgo/internal/codegen/vector.go:76.41,78.3 1 8
github.com/WhoseBiasDoYallSeek/mlx-cgo/internal/codegen/vector.go:79.2,79.30 1 2
github.com/WhoseBiasDoYallSeek/mlx-cgo/internal/codegen/vector.go:83.41,85.41 2 0
github.com/WhoseBiasDoYallSeek/mlx-cgo/internal/codegen/vector.go:85.41,89.3 3 0
github.com/WhoseBiasDoYallSeek/mlx-cgo/internal/codegen/vector.go:90.2,90.30 1 0
github.com/WhoseBiasDoYallSeek/mlx-cgo/internal/codegen/vector.go:93.50,98.35 5 8
github.com/WhoseBiasDoYallSeek/mlx-cgo/internal/codegen/vector.go:98.35,98.72 1 216
github.com/WhoseBiasDoYallSeek/mlx-cgo/internal/codegen/vector.go:100.2,127.20 28 8
github.com/WhoseBiasDoYallSeek/mlx-cgo/internal/codegen/vector.go:130.50,139.35 8 8
github.com/WhoseBiasDoYallSeek/mlx-cgo/internal/codegen/vector.go:139.35,139.72 1 1016
github.com/WhoseBiasDoYallSeek/mlx-cgo/internal/codegen/vector.go:142.2,280.20 128 8
